# File used to find list of resources in a loaded jar.
base/configs
base/configs/client.cfg
base/configs/remote-servers.cfg
base/configs/macros/readme.txt
base/configs/remote/server-table.cfg
base/fonts
base/fonts/Lblack.ttf
base/graphics/imagelib
base/graphics/imagelib/maps-cat-1
base/graphics/imagelib/maps-cat-1/building-small-set-0
base/graphics/imagelib/maps-cat-1/building-small-set-0/tar-valon-nwgate-3
base/graphics/imagelib/maps-cat-1/building-small-set-0/tar-valon-nwgate-3/nwgate-0.gif
base/graphics/imagelib/maps-cat-1/building-small-set-0/tarvalon-clearing-nw-2
base/graphics/imagelib/maps-cat-1/building-small-set-0/tarvalon-clearing-nw-2/clearing-small-0.gif
base/graphics/imagelib/maps-cat-1/building-small-set-0/tarvalon-clearing-sw-4
base/graphics/imagelib/maps-cat-1/building-small-set-0/tarvalon-clearing-sw-4/clearing-small-0.gif
base/graphics/imagelib/maps-cat-1/building-small-set-0/tarvalon-wegate-1
base/graphics/imagelib/maps-cat-1/building-small-set-0/tarvalon-wegate-1/we-gate-small-0.gif
base/graphics/imagelib/maps-cat-1/building-small-set-0/tarvalon-whtow-0
base/graphics/imagelib/maps-cat-1/building-small-set-0/tarvalon-whtow-0/wh-tower-0.gif
base/graphics/imagelib/maps-cat-1/town-small-set-1
base/graphics/imagelib/maps-cat-1/town-small-set-1/blight-refuge-1
base/graphics/imagelib/maps-cat-1/town-small-set-1/blight-refuge-1/blight-refuge-0.gif
base/graphics/imagelib/maps-cat-1/town-small-set-1/braem-wood-3
base/graphics/imagelib/maps-cat-1/town-small-set-1/braem-wood-3/braem-small-0.gif
base/graphics/imagelib/maps-cat-1/town-small-set-1/shayol-ghul-2
base/graphics/imagelib/maps-cat-1/town-small-set-1/shayol-ghul-2/shayol-0.gif
base/graphics/imagelib/maps-cat-1/town-small-set-1/tarvalon-small-0
base/graphics/imagelib/maps-cat-1/town-small-set-1/tarvalon-small-0/tar-valon-small-0.gif
base/graphics/imagelib/maps-cat-1/town-small-set-1/two-rivers-4
base/graphics/imagelib/maps-cat-1/town-small-set-1/two-rivers-4/two-rivers-small-0.gif
base/graphics/imagelib/maps-cat-1/universe-set-2-exc
base/graphics/imagelib/maps-cat-1/universe-set-2-exc/blight-refuge-ext-7
base/graphics/imagelib/maps-cat-1/universe-set-2-exc/blight-refuge-ext-7/blight-refuge-0.jpg
base/graphics/imagelib/maps-cat-1/universe-set-2-exc/blight-refuge-ext-7/blight-refuge-brightness-2.gif
base/graphics/imagelib/maps-cat-1/universe-set-2-exc/blight-refuge-ext-7/blight-refuge-mask-1.gif
base/graphics/imagelib/maps-cat-1/universe-set-2-exc
base/graphics/imagelib/maps-cat-1/universe-set-2-exc/blight-refuge-int0-8
base/graphics/imagelib/maps-cat-1/universe-set-2-exc/blight-refuge-int0-8/blight-refuge-0.jpg
base/graphics/imagelib/maps-cat-1/universe-set-2-exc/blight-refuge-int0-8/blight-refuge-brightness-2.gif
base/graphics/imagelib/maps-cat-1/universe-set-2-exc/blight-refuge-int0-8/blight-refuge-mask-1.gif
base/graphics/imagelib/maps-cat-1/universe-set-2-exc/blight-refuge-int1-9
base/graphics/imagelib/maps-cat-1/universe-set-2-exc/blight-refuge-int1-9/blight-refuge-0.jpg
base/graphics/imagelib/maps-cat-1/universe-set-2-exc/blight-refuge-int1-9/blight-refuge-brightness-2.gif
base/graphics/imagelib/maps-cat-1/universe-set-2-exc/blight-refuge-int1-9/blight-refuge-mask-1.gif
base/graphics/imagelib/maps-cat-1/universe-set-2-exc/randland-map-0
base/graphics/imagelib/maps-cat-1/universe-set-2-exc/randland-map-0/randland-map-0.jpg
base/graphics/imagelib/maps-cat-1/universe-set-2-exc/randland-map-0/randland-mask-1.gif
base/graphics/imagelib/maps-cat-1/universe-set-2-exc/shayolghul-darklord-12
base/graphics/imagelib/maps-cat-1/universe-set-2-exc/shayolghul-darklord-12/shayolghul-00.jpg
base/graphics/imagelib/maps-cat-1/universe-set-2-exc/shayolghul-darklord-12/shayolghul-01.jpg
base/graphics/imagelib/maps-cat-1/universe-set-2-exc/shayolghul-darklord-12/shayolghul-02.jpg
base/graphics/imagelib/maps-cat-1/universe-set-2-exc/shayolghul-darklord-12/shayolghul-03.jpg
base/graphics/imagelib/maps-cat-1/universe-set-2-exc/shayolghul-darklord-12/shayolghul-04.jpg
base/graphics/imagelib/maps-cat-1/universe-set-2-exc/shayolghul-darklord-12/shayolghul-05.jpg
base/graphics/imagelib/maps-cat-1/universe-set-2-exc/shayolghul-darklord-12/shayolghul-06.jpg
base/graphics/imagelib/maps-cat-1/universe-set-2-exc/shayolghul-darklord-12/shayolghul-brightness-8.gif
base/graphics/imagelib/maps-cat-1/universe-set-2-exc/shayolghul-darklord-12/shayolghul-mask-7.gif
base/graphics/imagelib/maps-cat-1/universe-set-2-exc
base/graphics/imagelib/maps-cat-1/universe-set-2-exc/shayolghul-entrance-13
base/graphics/imagelib/maps-cat-1/universe-set-2-exc/shayolghul-entrance-13/shayolghul-0.jpg
base/graphics/imagelib/maps-cat-1/universe-set-2-exc/shayolghul-entrance-13/shayolghul-brightness-2.gif
base/graphics/imagelib/maps-cat-1/universe-set-2-exc/shayolghul-entrance-13/shayolghul-mask-1.gif
base/graphics/imagelib/maps-cat-1/universe-set-2-exc/tar-valon-clearing-nw-4
base/graphics/imagelib/maps-cat-1/universe-set-2-exc/tar-valon-clearing-nw-4/clearing-0.jpg
base/graphics/imagelib/maps-cat-1/universe-set-2-exc/tar-valon-clearing-nw-4/clearing-brightness-2.gif
base/graphics/imagelib/maps-cat-1/universe-set-2-exc/tar-valon-clearing-nw-4/clearing-mask-1.gif
base/graphics/imagelib/maps-cat-1/universe-set-2-exc/tar-valon-clearing2-sw-10
base/graphics/imagelib/maps-cat-1/universe-set-2-exc/tar-valon-clearing2-sw-10/clearing-brightness-10.gif
base/graphics/imagelib/maps-cat-1/universe-set-2-exc/tar-valon-clearing2-sw-10/clearing-mask-9.gif
base/graphics/imagelib/maps-cat-1/universe-set-2-exc/tar-valon-clearing2-sw-10/tv-clearing-0.jpg
base/graphics/imagelib/maps-cat-1/universe-set-2-exc/tar-valon-clearing2-sw-10/tv-clearing-1.jpg
base/graphics/imagelib/maps-cat-1/universe-set-2-exc/tar-valon-clearing2-sw-10/tv-clearing-2.jpg
base/graphics/imagelib/maps-cat-1/universe-set-2-exc/tar-valon-clearing2-sw-10/tv-clearing-3.jpg
base/graphics/imagelib/maps-cat-1/universe-set-2-exc/tar-valon-clearing2-sw-10/tv-clearing-4.jpg
base/graphics/imagelib/maps-cat-1/universe-set-2-exc/tar-valon-clearing2-sw-10/tv-clearing-5.jpg
base/graphics/imagelib/maps-cat-1/universe-set-2-exc/tar-valon-clearing2-sw-10/tv-clearing-6.jpg
base/graphics/imagelib/maps-cat-1/universe-set-2-exc/tar-valon-clearing2-sw-10/tv-clearing-7.jpg
base/graphics/imagelib/maps-cat-1/universe-set-2-exc/tar-valon-clearing2-sw-10/tv-clearing-8.jpg
base/graphics/imagelib/maps-cat-1/universe-set-2-exc/tarvalon-map-1
base/graphics/imagelib/maps-cat-1/universe-set-2-exc/tarvalon-map-1/tar-valon-map-0.jpg
base/graphics/imagelib/maps-cat-1/universe-set-2-exc/tarvalon-map-1/tar-valon-mask-1.gif
base/graphics/imagelib/maps-cat-1/universe-set-2-exc/tarvalon-nw-gate-lv0-5
base/graphics/imagelib/maps-cat-1/universe-set-2-exc/tarvalon-nw-gate-lv0-5/nw-gate-lv0-0.jpg
base/graphics/imagelib/maps-cat-1/universe-set-2-exc/tarvalon-nw-gate-lv0-5/nw-gate-lv0-brightness-2.gif
base/graphics/imagelib/maps-cat-1/universe-set-2-exc/tarvalon-nw-gate-lv0-5/nw-gate-lv0-mask-1.gif
base/graphics/imagelib/maps-cat-1/universe-set-2-exc/tarvalon-nw-gate-lv1-6
base/graphics/imagelib/maps-cat-1/universe-set-2-exc/tarvalon-nw-gate-lv1-6/nw-gate-lv1-0.jpg
base/graphics/imagelib/maps-cat-1/universe-set-2-exc/tarvalon-nw-gate-lv1-6/nw-gate-lv1-brightness-2.gif
base/graphics/imagelib/maps-cat-1/universe-set-2-exc/tarvalon-nw-gate-lv1-6/nw-gate-lv1-mask-1.gif
base/graphics/imagelib/maps-cat-1/universe-set-2-exc/tarvalon-west-gate-3
base/graphics/imagelib/maps-cat-1/universe-set-2-exc/tarvalon-west-gate-3/gate-brightness-10.gif
base/graphics/imagelib/maps-cat-1/universe-set-2-exc/tarvalon-west-gate-3/gate-map-00.jpg
base/graphics/imagelib/maps-cat-1/universe-set-2-exc/tarvalon-west-gate-3/gate-map-01.jpg
base/graphics/imagelib/maps-cat-1/universe-set-2-exc/tarvalon-west-gate-3/gate-map-02.jpg
base/graphics/imagelib/maps-cat-1/universe-set-2-exc/tarvalon-west-gate-3/gate-map-03.jpg
base/graphics/imagelib/maps-cat-1/universe-set-2-exc/tarvalon-west-gate-3/gate-map-04.jpg
base/graphics/imagelib/maps-cat-1/universe-set-2-exc/tarvalon-west-gate-3/gate-map-05.jpg
base/graphics/imagelib/maps-cat-1/universe-set-2-exc/tarvalon-west-gate-3/gate-map-06.jpg
base/graphics/imagelib/maps-cat-1/universe-set-2-exc/tarvalon-west-gate-3/gate-map-07.jpg
base/graphics/imagelib/maps-cat-1/universe-set-2-exc/tarvalon-west-gate-3/gate-map-08.jpg
base/graphics/imagelib/maps-cat-1/universe-set-2-exc/tarvalon-west-gate-3/gate-mask-09.gif
base/graphics/imagelib/maps-cat-1/universe-set-2-exc/tarvalon-whtow-lv0-2
base/graphics/imagelib/maps-cat-1/universe-set-2-exc/tarvalon-whtow-lv0-2/whtower-brightness-6.gif
base/graphics/imagelib/maps-cat-1/universe-set-2-exc/tarvalon-whtow-lv0-2/whtower-lv0-0.jpg
base/graphics/imagelib/maps-cat-1/universe-set-2-exc/tarvalon-whtow-lv0-2/whtower-lv0-1.jpg
base/graphics/imagelib/maps-cat-1/universe-set-2-exc/tarvalon-whtow-lv0-2/whtower-lv0-2.jpg
base/graphics/imagelib/maps-cat-1/universe-set-2-exc/tarvalon-whtow-lv0-2/whtower-lv0-3.jpg
base/graphics/imagelib/maps-cat-1/universe-set-2-exc/tarvalon-whtow-lv0-2/whtower-lv0-4.jpg
base/graphics/imagelib/maps-cat-1/universe-set-2-exc/tarvalon-whtow-lv0-2/whtower-mask-5.gif
base/graphics/imagelib/maps-cat-1/universe-set-2-exc/two-rivers-road-19
base/graphics/imagelib/maps-cat-1/universe-set-2-exc/two-rivers-road-19/two-rivers-0.jpg
base/graphics/imagelib/maps-cat-1/universe-set-2-exc/two-rivers-road-19/two-rivers-1.jpg
base/graphics/imagelib/maps-cat-1/universe-set-2-exc/two-rivers-road-19/two-rivers-2.jpg
base/graphics/imagelib/maps-cat-1/universe-set-2-exc/two-rivers-road-19/two-rivers-3.jpg
base/graphics/imagelib/maps-cat-1/universe-set-2-exc/two-rivers-road-19/two-rivers-brightness-5.gif
base/graphics/imagelib/maps-cat-1/universe-set-2-exc/two-rivers-road-19/two-rivers-mask-4.gif
base/graphics/imagelib/maps-cat-1/universe-set-2-exc/ways-white-tower-17
base/graphics/imagelib/maps-cat-1/universe-set-2-exc/ways-white-tower-17/ways-wt-0.jpg
base/graphics/imagelib/maps-cat-1/universe-set-2-exc/ways-white-tower-17/ways-wt-brightness-2.gif
base/graphics/imagelib/maps-cat-1/universe-set-2-exc/ways-white-tower-17/ways-wt-mask-1.gif
base/graphics/imagelib/maps-cat-1/universe-set-2-exc/white-tower-basement0-15
base/graphics/imagelib/maps-cat-1/universe-set-2-exc/white-tower-basement0-15/basement0-0.jpg
base/graphics/imagelib/maps-cat-1/universe-set-2-exc/white-tower-basement0-15/basement0-1.jpg
base/graphics/imagelib/maps-cat-1/universe-set-2-exc/white-tower-basement0-15/basement0-2.jpg
base/graphics/imagelib/maps-cat-1/universe-set-2-exc/white-tower-basement0-15/basement0-3.jpg
base/graphics/imagelib/maps-cat-1/universe-set-2-exc/white-tower-basement0-15/basement0-brightness-5.gif
base/graphics/imagelib/maps-cat-1/universe-set-2-exc/white-tower-basement0-15/basement0-mask-4.gif
base/graphics/imagelib/maps-cat-1/universe-set-2-exc/white-tower-basement1-16
base/graphics/imagelib/maps-cat-1/universe-set-2-exc/white-tower-basement1-16/basement1-0.jpg
base/graphics/imagelib/maps-cat-1/universe-set-2-exc/white-tower-basement1-16/basement1-1.jpg
base/graphics/imagelib/maps-cat-1/universe-set-2-exc/white-tower-basement1-16/basement1-2.jpg
base/graphics/imagelib/maps-cat-1/universe-set-2-exc/white-tower-basement1-16/basement1-3.jpg
base/graphics/imagelib/maps-cat-1/universe-set-2-exc/white-tower-basement1-16/basement1-brightness-5.gif
base/graphics/imagelib/maps-cat-1/universe-set-2-exc/white-tower-basement1-16/basement1-mask-4.gif
base/graphics/imagelib/maps-cat-1/universe-set-2-exc/white-tower-front-11
base/graphics/imagelib/maps-cat-1/universe-set-2-exc/white-tower-front-11/white-tower-entrance-0.jpg
base/graphics/imagelib/maps-cat-1/universe-set-2-exc/white-tower-front-11/white-tower-entrance-1.jpg
base/graphics/imagelib/maps-cat-1/universe-set-2-exc/white-tower-front-11/white-tower-entrance-2.jpg
base/graphics/imagelib/maps-cat-1/universe-set-2-exc/white-tower-front-11/white-tower-entrance-3.jpg
base/graphics/imagelib/maps-cat-1/universe-set-2-exc/white-tower-front-11/white-tower-entrance-4.jpg
base/graphics/imagelib/maps-cat-1/universe-set-2-exc/white-tower-front-11/white-tower-entrance-5.jpg
base/graphics/imagelib/maps-cat-1/universe-set-2-exc/white-tower-front-11/white-tower-entrance-6.jpg
base/graphics/imagelib/maps-cat-1/universe-set-2-exc/white-tower-front-11/white-tower-entrance-7.jpg
base/graphics/imagelib/maps-cat-1/universe-set-2-exc/white-tower-front-11/wh-tow-entrance-brightness-9.gif
base/graphics/imagelib/maps-cat-1/universe-set-2-exc/white-tower-front-11/wh-tow-entrance-mask-8.gif
base/graphics/imagelib/maps-cat-1/universe-set-2-exc/white-tower-hall-14
base/graphics/imagelib/maps-cat-1/universe-set-2-exc/white-tower-hall-14/wt-hall-00.jpg
base/graphics/imagelib/maps-cat-1/universe-set-2-exc/white-tower-hall-14/wt-hall-01.jpg
base/graphics/imagelib/maps-cat-1/universe-set-2-exc/white-tower-hall-14/wt-hall-02.jpg
base/graphics/imagelib/maps-cat-1/universe-set-2-exc/white-tower-hall-14/wt-hall-03.jpg
base/graphics/imagelib/maps-cat-1/universe-set-2-exc/white-tower-hall-14/wt-hall-04.jpg
base/graphics/imagelib/maps-cat-1/universe-set-2-exc/white-tower-hall-14/wt-hall-05.jpg
base/graphics/imagelib/maps-cat-1/universe-set-2-exc/white-tower-hall-14/wt-hall-06.jpg
base/graphics/imagelib/maps-cat-1/universe-set-2-exc/white-tower-hall-14/wt-hall-07.jpg
base/graphics/imagelib/maps-cat-1/universe-set-2-exc/white-tower-hall-14/wt-hall-08.jpg
base/graphics/imagelib/maps-cat-1/universe-set-2-exc/white-tower-hall-14/wt-hall-09.jpg
base/graphics/imagelib/maps-cat-1/universe-set-2-exc/white-tower-hall-14/wt-hall-10.jpg
base/graphics/imagelib/maps-cat-1/universe-set-2-exc/white-tower-hall-14/wt-hall-11.jpg
base/graphics/imagelib/maps-cat-1/universe-set-2-exc/white-tower-hall-14/wt-hall-12.jpg
base/graphics/imagelib/maps-cat-1/universe-set-2-exc/white-tower-hall-14/wt-hall-13.jpg
base/graphics/imagelib/maps-cat-1/universe-set-2-exc/white-tower-hall-14/wt-hall-14.jpg
base/graphics/imagelib/maps-cat-1/universe-set-2-exc/white-tower-hall-14/wt-hall-15.jpg
base/graphics/imagelib/maps-cat-1/universe-set-2-exc/white-tower-hall-14/wt-hall-16.jpg
base/graphics/imagelib/maps-cat-1/universe-set-2-exc/white-tower-hall-14/wt-hall-17.jpg
base/graphics/imagelib/maps-cat-1/universe-set-2-exc/white-tower-hall-14/wt-hall-18.jpg
base/graphics/imagelib/maps-cat-1/universe-set-2-exc/white-tower-hall-14/wt-hall-19.jpg
base/graphics/imagelib/maps-cat-1/universe-set-2-exc/white-tower-hall-14/wt-hall-20.jpg
base/graphics/imagelib/maps-cat-1/universe-set-2-exc/white-tower-hall-14/wt-hall-21.jpg
base/graphics/imagelib/maps-cat-1/universe-set-2-exc/white-tower-hall-14/wt-hall-22.jpg
base/graphics/imagelib/maps-cat-1/universe-set-2-exc/white-tower-hall-14/wt-hall-23.jpg
base/graphics/imagelib/maps-cat-1/universe-set-2-exc/white-tower-hall-14/wt-hall-brightness-25.gif
base/graphics/imagelib/maps-cat-1/universe-set-2-exc/white-tower-hall-14/wt-hall-mask-24.gif
base/graphics/imagelib/maps-cat-1/universe-set-2-exc/white-tower-library-18
base/graphics/imagelib/maps-cat-1/universe-set-2-exc/white-tower-library-18/wt-library-0.jpg
base/graphics/imagelib/maps-cat-1/universe-set-2-exc/white-tower-library-18/wt-library-1.jpg
base/graphics/imagelib/maps-cat-1/universe-set-2-exc/white-tower-library-18/wt-library-2.jpg
base/graphics/imagelib/maps-cat-1/universe-set-2-exc/white-tower-library-18/wt-library-3.jpg
base/graphics/imagelib/maps-cat-1/universe-set-2-exc/white-tower-library-18/wt-library-4.jpg
base/graphics/imagelib/maps-cat-1/universe-set-2-exc/white-tower-library-18/wt-library-mask-5.gif
base/graphics/imagelib/objects-cat-2
base/graphics/imagelib/objects-cat-2/doors-set-0-jit
base/graphics/imagelib/objects-cat-2/doors-set-0-jit/jail-door-30l-5t-6
base/graphics/imagelib/objects-cat-2/doors-set-0-jit/jail-door-30l-5t-6/horizontal-0.gif
base/graphics/imagelib/objects-cat-2/doors-set-0-jit/stone-door-30l-5t-3
base/graphics/imagelib/objects-cat-2/doors-set-0-jit/stone-door-30l-5t-3/horizontal-left-pivot-2.gif
base/graphics/imagelib/objects-cat-2/doors-set-0-jit/stone-door-30l-5t-3/horizontal-right-pivot-3.gif
base/graphics/imagelib/objects-cat-2/doors-set-0-jit/stone-door-30l-5t-3/vertical-bottom-pivot-1.gif
base/graphics/imagelib/objects-cat-2/doors-set-0-jit/stone-door-30l-5t-3/vertical-top-pivot-0.gif
base/graphics/imagelib/objects-cat-2/doors-set-0-jit/stone-door-30l-8t-4
base/graphics/imagelib/objects-cat-2/doors-set-0-jit/stone-door-30l-8t-4/horizontal-left-pivot-2.gif
base/graphics/imagelib/objects-cat-2/doors-set-0-jit/stone-door-30l-8t-4/horizontal-right-pivot-3.gif
base/graphics/imagelib/objects-cat-2/doors-set-0-jit/stone-door-30l-8t-4/vertical-bottom-pivot-1.gif
base/graphics/imagelib/objects-cat-2/doors-set-0-jit/stone-door-30l-8t-4/vertical-top-pivot-0.gif
base/graphics/imagelib/objects-cat-2/doors-set-0-jit/stone-door-40l-8t-5
base/graphics/imagelib/objects-cat-2/doors-set-0-jit/stone-door-40l-8t-5/horizontal-left-pivot-2.gif
base/graphics/imagelib/objects-cat-2/doors-set-0-jit/stone-door-40l-8t-5/horizontal-right-pivot-3.gif
base/graphics/imagelib/objects-cat-2/doors-set-0-jit/stone-door-40l-8t-5/vertical-bottom-pivot-1.gif
base/graphics/imagelib/objects-cat-2/doors-set-0-jit/stone-door-40l-8t-5/vertical-top-pivot-0.gif
base/graphics/imagelib/objects-cat-2/doors-set-0-jit/wall-door-30l-10t-7
base/graphics/imagelib/objects-cat-2/doors-set-0-jit/wall-door-30l-10t-7/horizontal-0.gif
base/graphics/imagelib/objects-cat-2/doors-set-0-jit/wood-door-30l-5t-0
base/graphics/imagelib/objects-cat-2/doors-set-0-jit/wood-door-30l-5t-0/horizontal-left-pivot-2.gif
base/graphics/imagelib/objects-cat-2/doors-set-0-jit/wood-door-30l-5t-0/horizontal-right-pivot-3.gif
base/graphics/imagelib/objects-cat-2/doors-set-0-jit/wood-door-30l-5t-0/vertical-bottom-pivot-1.gif
base/graphics/imagelib/objects-cat-2/doors-set-0-jit/wood-door-30l-5t-0/vertical-top-pivot-0.gif
base/graphics/imagelib/objects-cat-2/doors-set-0-jit/wood-door-30l-8t-1
base/graphics/imagelib/objects-cat-2/doors-set-0-jit/wood-door-30l-8t-1/horizontal-left-pivot-2.gif
base/graphics/imagelib/objects-cat-2/doors-set-0-jit/wood-door-30l-8t-1/horizontal-right-pivot-3.gif
base/graphics/imagelib/objects-cat-2/doors-set-0-jit/wood-door-30l-8t-1/vertical-bottom-pivot-1.gif
base/graphics/imagelib/objects-cat-2/doors-set-0-jit/wood-door-30l-8t-1/vertical-top-pivot-0.gif
base/graphics/imagelib/objects-cat-2/doors-set-0-jit/wood-door-40l-8t-2
base/graphics/imagelib/objects-cat-2/doors-set-0-jit/wood-door-40l-8t-2/horizontal-left-pivot-2.gif
base/graphics/imagelib/objects-cat-2/doors-set-0-jit/wood-door-40l-8t-2/horizontal-right-pivot-3.gif
base/graphics/imagelib/objects-cat-2/doors-set-0-jit/wood-door-40l-8t-2/vertical-bottom-pivot-1.gif
base/graphics/imagelib/objects-cat-2/doors-set-0-jit/wood-door-40l-8t-2/vertical-top-pivot-0.gif
base/graphics/imagelib/player-cat-0
base/graphics/imagelib/player-cat-0/aes-sedai-set-0-jit
base/graphics/imagelib/player-cat-0/aes-sedai-set-0-jit/bluea-goldh-walk-0
base/graphics/imagelib/player-cat-0/aes-sedai-set-0-jit/bluea-goldh-walk-0/bluea-blondh-walk-00.GIF
base/graphics/imagelib/player-cat-0/aes-sedai-set-0-jit/bluea-goldh-walk-0/bluea-blondh-walk-01.GIF
base/graphics/imagelib/player-cat-0/aes-sedai-set-0-jit/bluea-goldh-walk-0/bluea-blondh-walk-02.GIF
base/graphics/imagelib/player-cat-0/aes-sedai-set-0-jit/bluea-goldh-walk-0/bluea-blondh-walk-03.GIF
base/graphics/imagelib/player-cat-0/aes-sedai-set-0-jit/bluea-goldh-walk-0/bluea-blondh-walk-04.GIF
base/graphics/imagelib/player-cat-0/aes-sedai-set-0-jit/bluea-goldh-walk-0/bluea-blondh-walk-05.GIF
base/graphics/imagelib/player-cat-0/aes-sedai-set-0-jit/bluea-goldh-walk-0/bluea-blondh-walk-06.GIF
base/graphics/imagelib/player-cat-0/aes-sedai-set-0-jit/bluea-goldh-walk-0/bluea-blondh-walk-07.GIF
base/graphics/imagelib/player-cat-0/aes-sedai-set-0-jit/bluea-goldh-walk-0/bluea-blondh-walk-08.GIF
base/graphics/imagelib/player-cat-0/aes-sedai-set-0-jit/bluea-goldh-walk-0/bluea-blondh-walk-09.GIF
base/graphics/imagelib/player-cat-0/aes-sedai-set-0-jit/bluea-goldh-walk-0/bluea-blondh-walk-10.GIF
base/graphics/imagelib/player-cat-0/aes-sedai-set-0-jit/bluea-goldh-walk-0/bluea-blondh-walk-11.GIF
base/graphics/imagelib/player-cat-0/aes-sedai-set-0-jit/bluea-goldh-walk-0/bluea-blondh-walk-12.GIF
base/graphics/imagelib/player-cat-0/aes-sedai-set-0-jit/bluea-goldh-walk-0/bluea-blondh-walk-13.GIF
base/graphics/imagelib/player-cat-0/aes-sedai-set-0-jit/bluea-goldh-walk-0/bluea-blondh-walk-14.GIF
base/graphics/imagelib/player-cat-0/aiel-set-9-jit
base/graphics/imagelib/player-cat-0/aiel-set-9-jit/aiel-warrior-walking-0
base/graphics/imagelib/player-cat-0/aiel-set-9-jit/aiel-warrior-walking-0/aiel-00.gif
base/graphics/imagelib/player-cat-0/aiel-set-9-jit/aiel-warrior-walking-0/aiel-01.gif
base/graphics/imagelib/player-cat-0/aiel-set-9-jit/aiel-warrior-walking-0/aiel-02.gif
base/graphics/imagelib/player-cat-0/aiel-set-9-jit/aiel-warrior-walking-0/aiel-03.gif
base/graphics/imagelib/player-cat-0/aiel-set-9-jit/aiel-warrior-walking-0/aiel-04.gif
base/graphics/imagelib/player-cat-0/aiel-set-9-jit/aiel-warrior-walking-0/aiel-05.gif
base/graphics/imagelib/player-cat-0/aiel-set-9-jit/aiel-warrior-walking-0/aiel-06.gif
base/graphics/imagelib/player-cat-0/aiel-set-9-jit/aiel-warrior-walking-0/aiel-07.gif
base/graphics/imagelib/player-cat-0/aiel-set-9-jit/aiel-warrior-walking-0/aiel-08.gif
base/graphics/imagelib/player-cat-0/aiel-set-9-jit/aiel-warrior-walking-0/aiel-09.gif
base/graphics/imagelib/player-cat-0/aiel-set-9-jit/aiel-warrior-walking-0/aiel-10.gif
base/graphics/imagelib/player-cat-0/aiel-set-9-jit/aiel-warrior-walking-0/aiel-11.gif
base/graphics/imagelib/player-cat-0/aiel-set-9-jit/aiel-warrior-walking-0/aiel-12.gif
base/graphics/imagelib/player-cat-0/aiel-set-9-jit/aiel-warrior-walking-0/aiel-13.gif
base/graphics/imagelib/player-cat-0/aiel-set-9-jit/aiel-warrior-walking-0/aiel-14.gif
base/graphics/imagelib/player-cat-0/ashaman-set-8-jit
base/graphics/imagelib/player-cat-0/ashaman-set-8-jit/ashaman-walking-0
base/graphics/imagelib/player-cat-0/ashaman-set-8-jit/ashaman-walking-0/ashaman-00.gif
base/graphics/imagelib/player-cat-0/ashaman-set-8-jit/ashaman-walking-0/ashaman-01.gif
base/graphics/imagelib/player-cat-0/ashaman-set-8-jit/ashaman-walking-0/ashaman-02.gif
base/graphics/imagelib/player-cat-0/ashaman-set-8-jit/ashaman-walking-0/ashaman-03.gif
base/graphics/imagelib/player-cat-0/ashaman-set-8-jit/ashaman-walking-0/ashaman-04.gif
base/graphics/imagelib/player-cat-0/ashaman-set-8-jit/ashaman-walking-0/ashaman-05.gif
base/graphics/imagelib/player-cat-0/ashaman-set-8-jit/ashaman-walking-0/ashaman-06.gif
base/graphics/imagelib/player-cat-0/ashaman-set-8-jit/ashaman-walking-0/ashaman-07.gif
base/graphics/imagelib/player-cat-0/ashaman-set-8-jit/ashaman-walking-0/ashaman-08.gif
base/graphics/imagelib/player-cat-0/ashaman-set-8-jit/ashaman-walking-0/ashaman-09.gif
base/graphics/imagelib/player-cat-0/ashaman-set-8-jit/ashaman-walking-0/ashaman-10.gif
base/graphics/imagelib/player-cat-0/ashaman-set-8-jit/ashaman-walking-0/ashaman-11.gif
base/graphics/imagelib/player-cat-0/ashaman-set-8-jit/ashaman-walking-0/ashaman-12.gif
base/graphics/imagelib/player-cat-0/ashaman-set-8-jit/ashaman-walking-0/ashaman-13.gif
base/graphics/imagelib/player-cat-0/ashaman-set-8-jit/ashaman-walking-0/ashaman-14.gif
base/graphics/imagelib/player-cat-0/dark-one-set-5-jit
base/graphics/imagelib/player-cat-0/dark-one-set-5-jit/dark-one-0.gif
base/graphics/imagelib/player-cat-0/player-shadow-set-3-jit
base/graphics/imagelib/player-cat-0/player-shadow-set-3-jit/aes-sedai-shadow-walking-0
base/graphics/imagelib/player-cat-0/player-shadow-set-3-jit/aes-sedai-shadow-walking-0/aes-sedai-walk-00.GIF
base/graphics/imagelib/player-cat-0/player-shadow-set-3-jit/aes-sedai-shadow-walking-0/aes-sedai-walk-01.GIF
base/graphics/imagelib/player-cat-0/player-shadow-set-3-jit/aes-sedai-shadow-walking-0/aes-sedai-walk-02.GIF
base/graphics/imagelib/player-cat-0/player-shadow-set-3-jit/aes-sedai-shadow-walking-0/aes-sedai-walk-03.GIF
base/graphics/imagelib/player-cat-0/player-shadow-set-3-jit/aes-sedai-shadow-walking-0/aes-sedai-walk-04.GIF
base/graphics/imagelib/player-cat-0/player-shadow-set-3-jit/aes-sedai-shadow-walking-0/aes-sedai-walk-05.GIF
base/graphics/imagelib/player-cat-0/player-shadow-set-3-jit/aes-sedai-shadow-walking-0/aes-sedai-walk-06.GIF
base/graphics/imagelib/player-cat-0/player-shadow-set-3-jit/aes-sedai-shadow-walking-0/aes-sedai-walk-07.GIF
base/graphics/imagelib/player-cat-0/player-shadow-set-3-jit/aes-sedai-shadow-walking-0/aes-sedai-walk-08.GIF
base/graphics/imagelib/player-cat-0/player-shadow-set-3-jit/aes-sedai-shadow-walking-0/aes-sedai-walk-09.GIF
base/graphics/imagelib/player-cat-0/player-shadow-set-3-jit/aes-sedai-shadow-walking-0/aes-sedai-walk-10.GIF
base/graphics/imagelib/player-cat-0/player-shadow-set-3-jit/aes-sedai-shadow-walking-0/aes-sedai-walk-11.GIF
base/graphics/imagelib/player-cat-0/player-shadow-set-3-jit/aes-sedai-shadow-walking-0/aes-sedai-walk-12.GIF
base/graphics/imagelib/player-cat-0/player-shadow-set-3-jit/aes-sedai-shadow-walking-0/aes-sedai-walk-13.GIF
base/graphics/imagelib/player-cat-0/player-shadow-set-3-jit/aes-sedai-shadow-walking-0/aes-sedai-walk-14.GIF
base/graphics/imagelib/player-cat-0/player-shadow-set-3-jit
base/graphics/imagelib/player-cat-0/player-shadow-set-3-jit/aiel-w-shadow-walking-7
base/graphics/imagelib/player-cat-0/player-shadow-set-3-jit/aiel-w-shadow-walking-7/aiel-00.gif
base/graphics/imagelib/player-cat-0/player-shadow-set-3-jit/aiel-w-shadow-walking-7/aiel-01.gif
base/graphics/imagelib/player-cat-0/player-shadow-set-3-jit/aiel-w-shadow-walking-7/aiel-02.gif
base/graphics/imagelib/player-cat-0/player-shadow-set-3-jit/aiel-w-shadow-walking-7/aiel-03.gif
base/graphics/imagelib/player-cat-0/player-shadow-set-3-jit/aiel-w-shadow-walking-7/aiel-04.gif
base/graphics/imagelib/player-cat-0/player-shadow-set-3-jit/aiel-w-shadow-walking-7/aiel-05.gif
base/graphics/imagelib/player-cat-0/player-shadow-set-3-jit/aiel-w-shadow-walking-7/aiel-06.gif
base/graphics/imagelib/player-cat-0/player-shadow-set-3-jit/aiel-w-shadow-walking-7/aiel-07.gif
base/graphics/imagelib/player-cat-0/player-shadow-set-3-jit/aiel-w-shadow-walking-7/aiel-08.gif
base/graphics/imagelib/player-cat-0/player-shadow-set-3-jit/aiel-w-shadow-walking-7/aiel-09.gif
base/graphics/imagelib/player-cat-0/player-shadow-set-3-jit/aiel-w-shadow-walking-7/aiel-10.gif
base/graphics/imagelib/player-cat-0/player-shadow-set-3-jit/aiel-w-shadow-walking-7/aiel-11.gif
base/graphics/imagelib/player-cat-0/player-shadow-set-3-jit/aiel-w-shadow-walking-7/aiel-12.gif
base/graphics/imagelib/player-cat-0/player-shadow-set-3-jit/aiel-w-shadow-walking-7/aiel-13.gif
base/graphics/imagelib/player-cat-0/player-shadow-set-3-jit/aiel-w-shadow-walking-7/aiel-14.gif
base/graphics/imagelib/player-cat-0/player-shadow-set-3-jit
base/graphics/imagelib/player-cat-0/player-shadow-set-3-jit/dark-one-shadow-4
base/graphics/imagelib/player-cat-0/player-shadow-set-3-jit/dark-one-shadow-4/dark-one-0.gif
base/graphics/imagelib/player-cat-0/player-shadow-set-3-jit/guard-shadow-walking-2
base/graphics/imagelib/player-cat-0/player-shadow-set-3-jit/guard-shadow-walking-2/guard-00.gif
base/graphics/imagelib/player-cat-0/player-shadow-set-3-jit/guard-shadow-walking-2/guard-01.gif
base/graphics/imagelib/player-cat-0/player-shadow-set-3-jit/guard-shadow-walking-2/guard-02.gif
base/graphics/imagelib/player-cat-0/player-shadow-set-3-jit/guard-shadow-walking-2/guard-03.gif
base/graphics/imagelib/player-cat-0/player-shadow-set-3-jit/guard-shadow-walking-2/guard-04.gif
base/graphics/imagelib/player-cat-0/player-shadow-set-3-jit/guard-shadow-walking-2/guard-05.gif
base/graphics/imagelib/player-cat-0/player-shadow-set-3-jit/guard-shadow-walking-2/guard-06.gif
base/graphics/imagelib/player-cat-0/player-shadow-set-3-jit/guard-shadow-walking-2/guard-07.gif
base/graphics/imagelib/player-cat-0/player-shadow-set-3-jit/guard-shadow-walking-2/guard-08.gif
base/graphics/imagelib/player-cat-0/player-shadow-set-3-jit/guard-shadow-walking-2/guard-09.gif
base/graphics/imagelib/player-cat-0/player-shadow-set-3-jit/guard-shadow-walking-2/guard-10.gif
base/graphics/imagelib/player-cat-0/player-shadow-set-3-jit/guard-shadow-walking-2/guard-11.gif
base/graphics/imagelib/player-cat-0/player-shadow-set-3-jit/guard-shadow-walking-2/guard-12.gif
base/graphics/imagelib/player-cat-0/player-shadow-set-3-jit/guard-shadow-walking-2/guard-13.gif
base/graphics/imagelib/player-cat-0/player-shadow-set-3-jit/guard-shadow-walking-2/guard-14.gif
base/graphics/imagelib/player-cat-0/player-shadow-set-3-jit/warder-shadow-walking-3
base/graphics/imagelib/player-cat-0/player-shadow-set-3-jit/warder-shadow-walking-3/warder-00.gif
base/graphics/imagelib/player-cat-0/player-shadow-set-3-jit/warder-shadow-walking-3/warder-01.gif
base/graphics/imagelib/player-cat-0/player-shadow-set-3-jit/warder-shadow-walking-3/warder-02.gif
base/graphics/imagelib/player-cat-0/player-shadow-set-3-jit/warder-shadow-walking-3/warder-03.gif
base/graphics/imagelib/player-cat-0/player-shadow-set-3-jit/warder-shadow-walking-3/warder-04.gif
base/graphics/imagelib/player-cat-0/player-shadow-set-3-jit/warder-shadow-walking-3/warder-05.gif
base/graphics/imagelib/player-cat-0/player-shadow-set-3-jit/warder-shadow-walking-3/warder-06.gif
base/graphics/imagelib/player-cat-0/player-shadow-set-3-jit/warder-shadow-walking-3/warder-07.gif
base/graphics/imagelib/player-cat-0/player-shadow-set-3-jit/warder-shadow-walking-3/warder-08.gif
base/graphics/imagelib/player-cat-0/player-shadow-set-3-jit/warder-shadow-walking-3/warder-09.gif
base/graphics/imagelib/player-cat-0/player-shadow-set-3-jit/warder-shadow-walking-3/warder-10.gif
base/graphics/imagelib/player-cat-0/player-shadow-set-3-jit/warder-shadow-walking-3/warder-11.gif
base/graphics/imagelib/player-cat-0/player-shadow-set-3-jit/warder-shadow-walking-3/warder-12.gif
base/graphics/imagelib/player-cat-0/player-shadow-set-3-jit/warder-shadow-walking-3/warder-13.gif
base/graphics/imagelib/player-cat-0/player-shadow-set-3-jit/warder-shadow-walking-3/warder-14.gif
base/graphics/imagelib/player-cat-0/player-shadow-set-3-jit/whitecloak-shadow-walking-5
base/graphics/imagelib/player-cat-0/player-shadow-set-3-jit/whitecloak-shadow-walking-5/whitecloak-00.gif
base/graphics/imagelib/player-cat-0/player-shadow-set-3-jit/whitecloak-shadow-walking-5/whitecloak-01.gif
base/graphics/imagelib/player-cat-0/player-shadow-set-3-jit/whitecloak-shadow-walking-5/whitecloak-02.gif
base/graphics/imagelib/player-cat-0/player-shadow-set-3-jit/whitecloak-shadow-walking-5/whitecloak-03.gif
base/graphics/imagelib/player-cat-0/player-shadow-set-3-jit/whitecloak-shadow-walking-5/whitecloak-04.gif
base/graphics/imagelib/player-cat-0/player-shadow-set-3-jit/whitecloak-shadow-walking-5/whitecloak-05.gif
base/graphics/imagelib/player-cat-0/player-shadow-set-3-jit/whitecloak-shadow-walking-5/whitecloak-06.gif
base/graphics/imagelib/player-cat-0/player-shadow-set-3-jit/whitecloak-shadow-walking-5/whitecloak-07.gif
base/graphics/imagelib/player-cat-0/player-shadow-set-3-jit/whitecloak-shadow-walking-5/whitecloak-08.gif
base/graphics/imagelib/player-cat-0/player-shadow-set-3-jit/whitecloak-shadow-walking-5/whitecloak-09.gif
base/graphics/imagelib/player-cat-0/player-shadow-set-3-jit/whitecloak-shadow-walking-5/whitecloak-10.gif
base/graphics/imagelib/player-cat-0/player-shadow-set-3-jit/whitecloak-shadow-walking-5/whitecloak-11.gif
base/graphics/imagelib/player-cat-0/player-shadow-set-3-jit/whitecloak-shadow-walking-5/whitecloak-12.gif
base/graphics/imagelib/player-cat-0/player-shadow-set-3-jit/whitecloak-shadow-walking-5/whitecloak-13.gif
base/graphics/imagelib/player-cat-0/player-shadow-set-3-jit/whitecloak-shadow-walking-5/whitecloak-14.gif
base/graphics/imagelib/player-cat-0/player-shadow-set-3-jit/wolfbrother-shadow-walking-6
base/graphics/imagelib/player-cat-0/player-shadow-set-3-jit/wolfbrother-shadow-walking-6/wolfbrother-00.gif
base/graphics/imagelib/player-cat-0/player-shadow-set-3-jit/wolfbrother-shadow-walking-6/wolfbrother-01.gif
base/graphics/imagelib/player-cat-0/player-shadow-set-3-jit/wolfbrother-shadow-walking-6/wolfbrother-02.gif
base/graphics/imagelib/player-cat-0/player-shadow-set-3-jit/wolfbrother-shadow-walking-6/wolfbrother-03.gif
base/graphics/imagelib/player-cat-0/player-shadow-set-3-jit/wolfbrother-shadow-walking-6/wolfbrother-04.gif
base/graphics/imagelib/player-cat-0/player-shadow-set-3-jit/wolfbrother-shadow-walking-6/wolfbrother-05.gif
base/graphics/imagelib/player-cat-0/player-shadow-set-3-jit/wolfbrother-shadow-walking-6/wolfbrother-06.gif
base/graphics/imagelib/player-cat-0/player-shadow-set-3-jit/wolfbrother-shadow-walking-6/wolfbrother-07.gif
base/graphics/imagelib/player-cat-0/player-shadow-set-3-jit/wolfbrother-shadow-walking-6/wolfbrother-08.gif
base/graphics/imagelib/player-cat-0/player-shadow-set-3-jit/wolfbrother-shadow-walking-6/wolfbrother-09.gif
base/graphics/imagelib/player-cat-0/player-shadow-set-3-jit/wolfbrother-shadow-walking-6/wolfbrother-10.gif
base/graphics/imagelib/player-cat-0/player-shadow-set-3-jit/wolfbrother-shadow-walking-6/wolfbrother-11.gif
base/graphics/imagelib/player-cat-0/player-shadow-set-3-jit/wolfbrother-shadow-walking-6/wolfbrother-12.gif
base/graphics/imagelib/player-cat-0/player-shadow-set-3-jit/wolfbrother-shadow-walking-6/wolfbrother-13.gif
base/graphics/imagelib/player-cat-0/player-shadow-set-3-jit/wolfbrother-shadow-walking-6/wolfbrother-14.gif
base/graphics/imagelib/player-cat-0/player-shadow-set-3-jit/youngling-shadow-walking-1
base/graphics/imagelib/player-cat-0/player-shadow-set-3-jit/youngling-shadow-walking-1/younglings-00.gif
base/graphics/imagelib/player-cat-0/player-shadow-set-3-jit/youngling-shadow-walking-1/younglings-01.gif
base/graphics/imagelib/player-cat-0/player-shadow-set-3-jit/youngling-shadow-walking-1/younglings-02.gif
base/graphics/imagelib/player-cat-0/player-shadow-set-3-jit/youngling-shadow-walking-1/younglings-03.gif
base/graphics/imagelib/player-cat-0/player-shadow-set-3-jit/youngling-shadow-walking-1/younglings-04.gif
base/graphics/imagelib/player-cat-0/player-shadow-set-3-jit/youngling-shadow-walking-1/younglings-05.gif
base/graphics/imagelib/player-cat-0/player-shadow-set-3-jit/youngling-shadow-walking-1/younglings-06.gif
base/graphics/imagelib/player-cat-0/player-shadow-set-3-jit/youngling-shadow-walking-1/younglings-07.gif
base/graphics/imagelib/player-cat-0/player-shadow-set-3-jit/youngling-shadow-walking-1/younglings-08.gif
base/graphics/imagelib/player-cat-0/player-shadow-set-3-jit/youngling-shadow-walking-1/younglings-09.gif
base/graphics/imagelib/player-cat-0/player-shadow-set-3-jit/youngling-shadow-walking-1/younglings-10.gif
base/graphics/imagelib/player-cat-0/player-shadow-set-3-jit/youngling-shadow-walking-1/younglings-11.gif
base/graphics/imagelib/player-cat-0/player-shadow-set-3-jit/youngling-shadow-walking-1/younglings-12.gif
base/graphics/imagelib/player-cat-0/player-shadow-set-3-jit/youngling-shadow-walking-1/younglings-13.gif
base/graphics/imagelib/player-cat-0/player-shadow-set-3-jit/youngling-shadow-walking-1/younglings-14.gif
base/graphics/imagelib/player-cat-0/player-small-set-1
base/graphics/imagelib/player-cat-0/player-small-set-1/player-small-action-0
base/graphics/imagelib/player-cat-0/player-small-set-1/player-small-action-0/player-small-0.gif
base/graphics/imagelib/player-cat-0/player-symbol-set-2-jit
base/graphics/imagelib/player-cat-0/player-symbol-set-2-jit/aes-sedai-symbol-0
base/graphics/imagelib/player-cat-0/player-symbol-set-2-jit/aes-sedai-symbol-0/accepted-symbol-8.gif
base/graphics/imagelib/player-cat-0/player-symbol-set-2-jit/aes-sedai-symbol-0/amyrlin-symbol-0.gif
base/graphics/imagelib/player-cat-0/player-symbol-set-2-jit/aes-sedai-symbol-0/black-symbol-12.gif
base/graphics/imagelib/player-cat-0/player-symbol-set-2-jit/aes-sedai-symbol-0/blue-ajah-symbol-4.gif
base/graphics/imagelib/player-cat-0/player-symbol-set-2-jit/aes-sedai-symbol-0/brown-ajah-symbol-2.gif
base/graphics/imagelib/player-cat-0/player-symbol-set-2-jit/aes-sedai-symbol-0/green-ajah-symbol-5.gif
base/graphics/imagelib/player-cat-0/player-symbol-set-2-jit/aes-sedai-symbol-0/grey-ajah-symbol-7.gif
base/graphics/imagelib/player-cat-0/player-symbol-set-2-jit/aes-sedai-symbol-0/keep-symbol-10.gif
base/graphics/imagelib/player-cat-0/player-symbol-set-2-jit/aes-sedai-symbol-0/novice-symbol-9.gif
base/graphics/imagelib/player-cat-0/player-symbol-set-2-jit/aes-sedai-symbol-0/red-ajah-symbol-3.gif
base/graphics/imagelib/player-cat-0/player-symbol-set-2-jit/aes-sedai-symbol-0/stilled-symbol-11.gif
base/graphics/imagelib/player-cat-0/player-symbol-set-2-jit/aes-sedai-symbol-0/white-ajah-symbol-6.gif
base/graphics/imagelib/player-cat-0/player-symbol-set-2-jit/aes-sedai-symbol-0/yellow-ajah-symbol-1.gif
base/graphics/imagelib/player-cat-0/player-symbol-set-2-jit/aiel-symbol-5
base/graphics/imagelib/player-cat-0/player-symbol-set-2-jit/aiel-symbol-5/aiel-warrior-0.gif
base/graphics/imagelib/player-cat-0/player-symbol-set-2-jit/ashaman-symbol-4
base/graphics/imagelib/player-cat-0/player-symbol-set-2-jit/ashaman-symbol-4/ashamam-2.gif
base/graphics/imagelib/player-cat-0/player-symbol-set-2-jit/ashaman-symbol-4/dedicated-1.gif
base/graphics/imagelib/player-cat-0/player-symbol-set-2-jit/ashaman-symbol-4/mhael-3.gif
base/graphics/imagelib/player-cat-0/player-symbol-set-2-jit/ashaman-symbol-4/soldier-0.gif
base/graphics/imagelib/player-cat-0/player-symbol-set-2-jit/warder-symbol-1
base/graphics/imagelib/player-cat-0/player-symbol-set-2-jit/warder-symbol-1/blade-master-3.gif
base/graphics/imagelib/player-cat-0/player-symbol-set-2-jit/warder-symbol-1/guard-1.gif
base/graphics/imagelib/player-cat-0/player-symbol-set-2-jit/warder-symbol-1/warder-2.gif
base/graphics/imagelib/player-cat-0/player-symbol-set-2-jit/warder-symbol-1/youngling-0.gif
base/graphics/imagelib/player-cat-0/player-symbol-set-2-jit/whitecloaks-symbol-2
base/graphics/imagelib/player-cat-0/player-symbol-set-2-jit/whitecloaks-symbol-2/soldier-0.gif
base/graphics/imagelib/player-cat-0/player-symbol-set-2-jit/wolfbrother-3
base/graphics/imagelib/player-cat-0/player-symbol-set-2-jit/wolfbrother-3/wolf-0.gif
base/graphics/imagelib/player-cat-0/warder-set-4-jit
base/graphics/imagelib/player-cat-0/warder-set-4-jit/guard-walking-1
base/graphics/imagelib/player-cat-0/warder-set-4-jit/guard-walking-1/guard-00.gif
base/graphics/imagelib/player-cat-0/warder-set-4-jit/guard-walking-1/guard-01.gif
base/graphics/imagelib/player-cat-0/warder-set-4-jit/guard-walking-1/guard-02.gif
base/graphics/imagelib/player-cat-0/warder-set-4-jit/guard-walking-1/guard-03.gif
base/graphics/imagelib/player-cat-0/warder-set-4-jit/guard-walking-1/guard-04.gif
base/graphics/imagelib/player-cat-0/warder-set-4-jit/guard-walking-1/guard-05.gif
base/graphics/imagelib/player-cat-0/warder-set-4-jit/guard-walking-1/guard-06.gif
base/graphics/imagelib/player-cat-0/warder-set-4-jit/guard-walking-1/guard-07.gif
base/graphics/imagelib/player-cat-0/warder-set-4-jit/guard-walking-1/guard-08.gif
base/graphics/imagelib/player-cat-0/warder-set-4-jit/guard-walking-1/guard-09.gif
base/graphics/imagelib/player-cat-0/warder-set-4-jit/guard-walking-1/guard-10.gif
base/graphics/imagelib/player-cat-0/warder-set-4-jit/guard-walking-1/guard-11.gif
base/graphics/imagelib/player-cat-0/warder-set-4-jit/guard-walking-1/guard-12.gif
base/graphics/imagelib/player-cat-0/warder-set-4-jit/guard-walking-1/guard-13.gif
base/graphics/imagelib/player-cat-0/warder-set-4-jit/guard-walking-1/guard-14.gif
base/graphics/imagelib/player-cat-0/warder-set-4-jit/warder-walking-2
base/graphics/imagelib/player-cat-0/warder-set-4-jit/warder-walking-2/warder-00.gif
base/graphics/imagelib/player-cat-0/warder-set-4-jit/warder-walking-2/warder-01.gif
base/graphics/imagelib/player-cat-0/warder-set-4-jit/warder-walking-2/warder-02.gif
base/graphics/imagelib/player-cat-0/warder-set-4-jit/warder-walking-2/warder-03.gif
base/graphics/imagelib/player-cat-0/warder-set-4-jit/warder-walking-2/warder-04.gif
base/graphics/imagelib/player-cat-0/warder-set-4-jit/warder-walking-2/warder-05.gif
base/graphics/imagelib/player-cat-0/warder-set-4-jit/warder-walking-2/warder-06.gif
base/graphics/imagelib/player-cat-0/warder-set-4-jit/warder-walking-2/warder-07.gif
base/graphics/imagelib/player-cat-0/warder-set-4-jit/warder-walking-2/warder-08.gif
base/graphics/imagelib/player-cat-0/warder-set-4-jit/warder-walking-2/warder-09.gif
base/graphics/imagelib/player-cat-0/warder-set-4-jit/warder-walking-2/warder-10.gif
base/graphics/imagelib/player-cat-0/warder-set-4-jit/warder-walking-2/warder-11.gif
base/graphics/imagelib/player-cat-0/warder-set-4-jit/warder-walking-2/warder-12.gif
base/graphics/imagelib/player-cat-0/warder-set-4-jit/warder-walking-2/warder-13.gif
base/graphics/imagelib/player-cat-0/warder-set-4-jit/warder-walking-2/warder-14.gif
base/graphics/imagelib/player-cat-0/warder-set-4-jit/youngling-walking-0
base/graphics/imagelib/player-cat-0/warder-set-4-jit/youngling-walking-0/younglings-00.gif
base/graphics/imagelib/player-cat-0/warder-set-4-jit/youngling-walking-0/younglings-01.gif
base/graphics/imagelib/player-cat-0/warder-set-4-jit/youngling-walking-0/younglings-02.gif
base/graphics/imagelib/player-cat-0/warder-set-4-jit/youngling-walking-0/younglings-03.gif
base/graphics/imagelib/player-cat-0/warder-set-4-jit/youngling-walking-0/younglings-04.gif
base/graphics/imagelib/player-cat-0/warder-set-4-jit/youngling-walking-0/younglings-05.gif
base/graphics/imagelib/player-cat-0/warder-set-4-jit/youngling-walking-0/younglings-06.gif
base/graphics/imagelib/player-cat-0/warder-set-4-jit/youngling-walking-0/younglings-07.gif
base/graphics/imagelib/player-cat-0/warder-set-4-jit/youngling-walking-0/younglings-08.gif
base/graphics/imagelib/player-cat-0/warder-set-4-jit/youngling-walking-0/younglings-09.gif
base/graphics/imagelib/player-cat-0/warder-set-4-jit/youngling-walking-0/younglings-10.gif
base/graphics/imagelib/player-cat-0/warder-set-4-jit/youngling-walking-0/younglings-11.gif
base/graphics/imagelib/player-cat-0/warder-set-4-jit/youngling-walking-0/younglings-12.gif
base/graphics/imagelib/player-cat-0/warder-set-4-jit/youngling-walking-0/younglings-13.gif
base/graphics/imagelib/player-cat-0/warder-set-4-jit/youngling-walking-0/younglings-14.gif
base/graphics/imagelib/player-cat-0/whitecloak-set-6-jit
base/graphics/imagelib/player-cat-0/whitecloak-set-6-jit/whitecloak-walking-0
base/graphics/imagelib/player-cat-0/whitecloak-set-6-jit/whitecloak-walking-0/whitecloak-00.gif
base/graphics/imagelib/player-cat-0/whitecloak-set-6-jit/whitecloak-walking-0/whitecloak-01.gif
base/graphics/imagelib/player-cat-0/whitecloak-set-6-jit/whitecloak-walking-0/whitecloak-02.gif
base/graphics/imagelib/player-cat-0/whitecloak-set-6-jit/whitecloak-walking-0/whitecloak-03.gif
base/graphics/imagelib/player-cat-0/whitecloak-set-6-jit/whitecloak-walking-0/whitecloak-04.gif
base/graphics/imagelib/player-cat-0/whitecloak-set-6-jit/whitecloak-walking-0/whitecloak-05.gif
base/graphics/imagelib/player-cat-0/whitecloak-set-6-jit/whitecloak-walking-0/whitecloak-06.gif
base/graphics/imagelib/player-cat-0/whitecloak-set-6-jit/whitecloak-walking-0/whitecloak-07.gif
base/graphics/imagelib/player-cat-0/whitecloak-set-6-jit/whitecloak-walking-0/whitecloak-08.gif
base/graphics/imagelib/player-cat-0/whitecloak-set-6-jit/whitecloak-walking-0/whitecloak-09.gif
base/graphics/imagelib/player-cat-0/whitecloak-set-6-jit/whitecloak-walking-0/whitecloak-10.gif
base/graphics/imagelib/player-cat-0/whitecloak-set-6-jit/whitecloak-walking-0/whitecloak-11.gif
base/graphics/imagelib/player-cat-0/whitecloak-set-6-jit/whitecloak-walking-0/whitecloak-12.gif
base/graphics/imagelib/player-cat-0/whitecloak-set-6-jit/whitecloak-walking-0/whitecloak-13.gif
base/graphics/imagelib/player-cat-0/whitecloak-set-6-jit/whitecloak-walking-0/whitecloak-14.gif
base/graphics/imagelib/player-cat-0/wolfbrother-set-7-jit
base/graphics/imagelib/player-cat-0/wolfbrother-set-7-jit/wolfbrother-walking-0
base/graphics/imagelib/player-cat-0/wolfbrother-set-7-jit/wolfbrother-walking-0/wolfbrother-00.gif
base/graphics/imagelib/player-cat-0/wolfbrother-set-7-jit/wolfbrother-walking-0/wolfbrother-01.gif
base/graphics/imagelib/player-cat-0/wolfbrother-set-7-jit/wolfbrother-walking-0/wolfbrother-02.gif
base/graphics/imagelib/player-cat-0/wolfbrother-set-7-jit/wolfbrother-walking-0/wolfbrother-03.gif
base/graphics/imagelib/player-cat-0/wolfbrother-set-7-jit/wolfbrother-walking-0/wolfbrother-04.gif
base/graphics/imagelib/player-cat-0/wolfbrother-set-7-jit/wolfbrother-walking-0/wolfbrother-05.gif
base/graphics/imagelib/player-cat-0/wolfbrother-set-7-jit/wolfbrother-walking-0/wolfbrother-06.gif
base/graphics/imagelib/player-cat-0/wolfbrother-set-7-jit/wolfbrother-walking-0/wolfbrother-07.gif
base/graphics/imagelib/player-cat-0/wolfbrother-set-7-jit/wolfbrother-walking-0/wolfbrother-08.gif
base/graphics/imagelib/player-cat-0/wolfbrother-set-7-jit/wolfbrother-walking-0/wolfbrother-09.gif
base/graphics/imagelib/player-cat-0/wolfbrother-set-7-jit/wolfbrother-walking-0/wolfbrother-10.gif
base/graphics/imagelib/player-cat-0/wolfbrother-set-7-jit/wolfbrother-walking-0/wolfbrother-11.gif
base/graphics/imagelib/player-cat-0/wolfbrother-set-7-jit/wolfbrother-walking-0/wolfbrother-12.gif
base/graphics/imagelib/player-cat-0/wolfbrother-set-7-jit/wolfbrother-walking-0/wolfbrother-13.gif
base/graphics/imagelib/player-cat-0/wolfbrother-set-7-jit/wolfbrother-walking-0/wolfbrother-14.gif
base/gui
base/gui/about.jpg
base/gui/about-back.jpg
base/gui/about-do.gif
base/gui/about-up.gif
base/gui/cancel-do.gif
base/gui/cancel-un.gif
base/gui/cancel-up.gif
base/gui/chat-help.gif
base/gui/chat-image.gif
base/gui/chat-leave.gif
base/gui/chat-new.gif
base/gui/chat-sound-level.gif
base/gui/choose.gif
base/gui/close-do.gif
base/gui/close-do.jpg
base/gui/close-up.gif
base/gui/close-up.jpg
base/gui/delete-do.gif
base/gui/delete-un.gif
base/gui/delete-up.gif
base/gui/del-mini-do.gif
base/gui/del-mini-up.gif
base/gui/enter-password.gif
base/gui/exit-do.gif
base/gui/exit-up.gif
base/gui/help-do.gif
base/gui/help-up.gif
base/gui/icon.gif
base/gui/left-bar.gif
base/gui/left-bar-dark.gif
base/gui/load-do.gif
base/gui/load-un.gif
base/gui/load-up.gif
base/gui/log-title.jpg
base/gui/log-title-dark.jpg
base/gui/menu.jpg
base/gui/middle-bar.gif
base/gui/middle-bar-dark.gif
base/gui/new-do.gif
base/gui/new-mini-do.gif
base/gui/new-mini-up.gif
base/gui/new-up.gif
base/gui/next-do.gif
base/gui/next-un.gif
base/gui/next-up.gif
base/gui/ok-do.gif
base/gui/ok-un.gif
base/gui/ok-up.gif
base/gui/options-do.gif
base/gui/options-up.gif
base/gui/pin.gif
base/gui/ping-green.jpg
base/gui/ping-red.jpg
base/gui/ping-yellow.jpg
base/gui/previous-do.gif
base/gui/previous-un.gif
base/gui/previous-up.gif
base/gui/quit-do.jpg
base/gui/quit-up.jpg
base/gui/recover-do.gif
base/gui/recover-un.gif
base/gui/recover-up.gif
base/gui/right-bar.gif
base/gui/right-bar-dark.gif
base/gui/save-do.gif
base/gui/save-mini-do.gif
base/gui/save-mini-up.gif
base/gui/save-un.gif
base/gui/save-up.gif
base/gui/separator.gif
base/gui/shady-pin.gif
base/gui/use-mini-do.gif
base/gui/use-mini-up.gif
base/gui/volume16.gif
base/gui/volume24.gif
base/gui/welcome-title.jpg
base/gui/wizard.jpg
base/gui/your-key.gif
base/gui/chat
base/gui/chat/agree.gif
base/gui/chat/angel.gif
base/gui/chat/arg.gif
base/gui/chat/argh.gif
base/gui/chat/confused.gif
base/gui/chat/cool.gif
base/gui/chat/cry.gif
base/gui/chat/cry2.gif
base/gui/chat/CVS
base/gui/chat/devil.gif
base/gui/chat/disagree.gif
base/gui/chat/eek.gif
base/gui/chat/evilgrin.gif
base/gui/chat/flirt.gif
base/gui/chat/horny.gif
base/gui/chat/hum.gif
base/gui/chat/idea.gif
base/gui/chat/laugh.gif
base/gui/chat/mad.gif
base/gui/chat/madfire.gif
base/gui/chat/nono.gif
base/gui/chat/note.gif
base/gui/chat/phone.gif
base/gui/chat/rant.gif
base/gui/chat/roll.gif
base/gui/chat/rolleyes.gif
base/gui/chat/shake.gif
base/gui/chat/sleep.gif
base/gui/chat/smile.gif
base/gui/chat/smileys.html
base/gui/chat/squint.gif
base/gui/chat/storm.gif
base/gui/chat/warning.gif
base/gui/chat/wink.gif
base/gui/chat/yawn.gif
base/gui/chat/yes.gif
base/layouts
base/layouts/wotlas.common.character.AesSedai
base/layouts/wotlas.common.character.AielWarrior
base/layouts/wotlas.common.character.Ashaman
base/layouts/wotlas.common.character.ChildrenOfTheLight
base/layouts/wotlas.common.character.DarkOne
base/layouts/wotlas.common.character.Warder
base/layouts/wotlas.common.character.WolfBrother
base/music
base/music/blight-hall.mid
base/music/blight-refuge.mid
base/music/credits.mid
base/music/dark-basement.mid
base/music/stedding.mid
base/music/tar-valon.mid
base/music/tv-bridge.mid
base/music/tv-clearing.mid
base/music/tv-white-tower.mid
base/music/tv-white-tower-hall.mid
base/music/two-rivers.mid
base/music/ways.mid
base/sounds
base/sounds/bell.wav
base/sounds/doh.wav
base/sounds/door-close.wav
base/sounds/door-open.wav
base/sounds/fanfare.wav
base/sounds/fanfare-aes.wav
base/sounds/fanfare-aiel.wav
base/sounds/fanfare-asha.wav
base/sounds/fanfare-black.wav
base/sounds/fanfare-child.wav
base/sounds/fanfare-dark.wav
base/sounds/fanfare-special.wav
base/sounds/fanfare-tower.wav
base/sounds/fanfare-wolf.wav
base/sounds/gong.wav
base/sounds/human-steps.wav
base/sounds/knock.wav
base/sounds/man-yawn.wav
base/sounds/server.wav
base/sounds/toh.wav
base/universe/default/randland
base/universe/default/randland/world.cfg
base/universe/default/randland/blightrefuge
base/universe/default/randland/blightrefuge/town.cfg
base/universe/default/randland/blightrefuge/blightrefuge
base/universe/default/randland/blightrefuge/blightrefuge/blight-refuge-entrance-map.cfg
base/universe/default/randland/blightrefuge/blightrefuge/blight-refuge-hall-map.cfg
base/universe/default/randland/blightrefuge/blightrefuge/blight-refuge-outside-map.cfg
base/universe/default/randland/blightrefuge/blightrefuge/building.cfg
base/universe/default/randland/braemwood
base/universe/default/randland/braemwood/town.cfg
base/universe/default/randland/braemwood/braem-road
base/universe/default/randland/braemwood/braem-road/braem-road-map.cfg
base/universe/default/randland/braemwood/braem-road/building.cfg
base/universe/default/randland/shayolghul
base/universe/default/randland/shayolghul/town.cfg
base/universe/default/randland/shayolghul/shayolghul
base/universe/default/randland/shayolghul/shayolghul/building.cfg
base/universe/default/randland/shayolghul/shayolghul/shayol-entrance-map.cfg
base/universe/default/randland/shayolghul/shayolghul/shayol-prison-map.cfg
base/universe/default/randland/tarvalon
base/universe/default/randland/tarvalon/town.cfg
base/universe/default/randland/tarvalon/NorthClearing
base/universe/default/randland/tarvalon/NorthClearing/building.cfg
base/universe/default/randland/tarvalon/NorthClearing/nw-clearing-map.cfg
base/universe/default/randland/tarvalon/NorthWestGate
base/universe/default/randland/tarvalon/NorthWestGate/building.cfg
base/universe/default/randland/tarvalon/NorthWestGate/nw-gate-lv0-map.cfg
base/universe/default/randland/tarvalon/NorthWestGate/nw-gate-lv1-map.cfg
base/universe/default/randland/tarvalon/WestGate
base/universe/default/randland/tarvalon/WestGate/building.cfg
base/universe/default/randland/tarvalon/WestGate/westgate-map.cfg
base/universe/default/randland/tarvalon/WhiteTowerGate
base/universe/default/randland/tarvalon/WhiteTowerGate/building.cfg
base/universe/default/randland/tarvalon/WhiteTowerGate/whitetower-front-map.cfg
base/universe/default/randland/tarvalon/WhiteTowerGate/whitetower-south-gate-map.cfg
base/universe/default/randland/tarvalon/WhiteTower
base/universe/default/randland/tarvalon/WhiteTower/building.cfg
base/universe/default/randland/tarvalon/WhiteTower/ways-wt-map.cfg
base/universe/default/randland/tarvalon/WhiteTower/white-tower-hall-map.cfg
base/universe/default/randland/tarvalon/WhiteTower/wt-basement-0-map.cfg
base/universe/default/randland/tarvalon/WhiteTower/wt-basement-1-map.cfg
base/universe/default/randland/tarvalon/WhiteTower/wt-library-map.cfg
base/universe/default/randland/tworivers
base/universe/default/randland/tworivers/town.cfg
base/universe/default/randland/tworivers/two-rivers-road
base/universe/default/randland/tworivers/two-rivers-road/building.cfg
base/universe/default/randland/tworivers/two-rivers-road/trivers-road-map.cfg
base/wizard
base/wizard/aes-sedai-hair.wiz
base/wizard/aes-sedai-rank.wiz
base/wizard/aiel-hair.wiz
base/wizard/aiel-rank.wiz
base/wizard/amyrlin-key.wiz
base/wizard/ashaman-hair.wiz
base/wizard/ashaman-rank.wiz
base/wizard/children-hair.wiz
base/wizard/children-rank.wiz
base/wizard/darkfriends.wiz
base/wizard/dark-one-key.wiz
base/wizard/end.wiz
base/wizard/index.wiz
base/wizard/keeper-key.wiz
base/wizard/mhael-key.wiz
base/wizard/player-email.wiz
base/wizard/player-login.wiz
base/wizard/player-name.wiz
base/wizard/player-past.wiz
base/wizard/special-chars.wiz
base/wizard/warder-cloak.wiz
base/wizard/warder-hair.wiz
base/wizard/warder-rank.wiz
base/wizard/wolf-hair.wiz
base/wizard/wolf-rank.wiz
base/wizard/wotclass.wiz
base/wizard/template
base/wizard/template/step-1textfield.wiz
base/wizard/template/step-2textfield.wiz
base/wizard/template/step-combobox.wiz
base/wizard/template/step-info.wiz
base/wizard/template/step-list.wiz
base/wizard/template/step-password.wiz
base/wizard/template/step-radio.wiz
base/wizard/template/step-textarea.wiz
